<?xml version="1.0" encoding="UTF-8"?>
<!-- Generated by org.testng.reporters.JUnitReportReporter -->
<testsuite hostname="ADMIN" failures="0" tests="1" name="com.Demo.WebElement_Interface" time="17.145" errors="0" timestamp="2022-07-31T17:49:30 IST" skipped="0">
  <testcase classname="com.Demo.WebElement_Interface" name="getCssValue" time="17.145"/>
  <system-out/>
</testsuite> <!-- com.Demo.WebElement_Interface -->
