<?xml version="1.0" encoding="UTF-8"?>
<!-- Generated by org.testng.reporters.JUnitReportReporter -->
<testsuite hostname="ADMIN" failures="0" tests="1" name="com.Demo.Action_cls_Methods" time="50.419" errors="0" timestamp="2022-08-01T09:55:16 IST" skipped="0">
  <testcase classname="com.Demo.Action_cls_Methods" name="test" time="50.419"/>
  <system-out/>
</testsuite> <!-- com.Demo.Action_cls_Methods -->
