<?xml version="1.0" encoding="UTF-8"?>
<!-- Generated by org.testng.reporters.JUnitReportReporter -->
<testsuite hostname="ADMIN" failures="0" tests="1" name="com.Demo.Window_Handle" time="12.930" errors="0" timestamp="2022-08-07T16:06:09 IST" skipped="0">
  <testcase classname="com.Demo.Window_Handle" name="visibleLink_invisibleLink" time="12.930"/>
  <system-out/>
</testsuite> <!-- com.Demo.Window_Handle -->
