<?xml version="1.0" encoding="UTF-8"?>
<!-- Generated by org.testng.reporters.JUnitReportReporter -->
<testsuite hostname="ADMIN" failures="0" tests="1" name="com.Demo.Browser_Launch_User_Input" time="102.322" errors="0" timestamp="2022-08-01T09:51:14 IST" skipped="0">
  <testcase classname="com.Demo.Browser_Launch_User_Input" name="launching_Multiple_Browser" time="102.322"/>
  <system-out/>
</testsuite> <!-- com.Demo.Browser_Launch_User_Input -->
