<?xml version="1.0" encoding="UTF-8"?>
<!-- Generated by org.testng.reporters.JUnitReportReporter -->
<testsuite hostname="ADMIN" failures="0" tests="1" name="com.Demo.FileUploadAutoIT" time="37.235" errors="0" timestamp="2022-08-01T10:46:51 IST" skipped="0">
  <testcase classname="com.Demo.FileUploadAutoIT" name="FileUplod" time="37.235"/>
  <system-out/>
</testsuite> <!-- com.Demo.FileUploadAutoIT -->
