<?xml version="1.0" encoding="UTF-8"?>
<!-- Generated by org.testng.reporters.JUnitReportReporter -->
<testsuite hostname="ADMIN" failures="0" tests="1" name="com.Demo.ExplicitWait" time="46.546" errors="0" timestamp="2022-07-29T22:19:06 IST" skipped="0">
  <testcase classname="com.Demo.ExplicitWait" name="explicit" time="46.546"/>
  <system-out/>
</testsuite> <!-- com.Demo.ExplicitWait -->
