<?xml version="1.0" encoding="UTF-8"?>
<!-- Generated by org.testng.reporters.JUnitReportReporter -->
<testsuite hostname="ADMIN" failures="0" tests="1" name="com.Demo.VerifyFbUsingUrl" time="21.674" errors="0" timestamp="2022-07-25T07:43:52 IST" skipped="0">
  <testcase classname="com.Demo.VerifyFbUsingUrl" name="test" time="21.674"/>
  <system-out/>
</testsuite> <!-- com.Demo.VerifyFbUsingUrl -->
