<?xml version="1.0" encoding="UTF-8"?>
<!-- Generated by org.testng.reporters.JUnitReportReporter -->
<testsuite hostname="ADMIN" failures="0" tests="1" name="com.Demo.VerifyUserNameAndPasswordAlignment" time="16.960" errors="0" timestamp="2022-07-25T08:16:26 IST" skipped="0">
  <testcase classname="com.Demo.VerifyUserNameAndPasswordAlignment" name="loginPageAreAlignedOrNot" time="16.960"/>
  <system-out/>
</testsuite> <!-- com.Demo.VerifyUserNameAndPasswordAlignment -->
