<?xml version="1.0" encoding="UTF-8"?>
<!-- Generated by org.testng.reporters.JUnitReportReporter -->
<testsuite hostname="ADMIN" failures="0" tests="1" name="com.Demo.ImplicitWait" time="39.157" errors="0" timestamp="2022-07-30T09:37:27 IST" skipped="0">
  <testcase classname="com.Demo.ImplicitWait" name="Implicit" time="39.157"/>
  <system-out/>
</testsuite> <!-- com.Demo.ImplicitWait -->
