<?xml version="1.0" encoding="UTF-8"?>
<!-- Generated by org.testng.reporters.JUnitReportReporter -->
<testsuite hostname="ADMIN" failures="0" tests="1" name="com.Demo.VerifyFbUserNameAndPasswordFieldsAreAligned_intheSameRow" time="21.736" errors="0" timestamp="2022-07-25T07:35:42 IST" skipped="0">
  <testcase classname="com.Demo.VerifyFbUserNameAndPasswordFieldsAreAligned_intheSameRow" name="test" time="21.736"/>
  <system-out/>
</testsuite> <!-- com.Demo.VerifyFbUserNameAndPasswordFieldsAreAligned_intheSameRow -->
