<?xml version="1.0" encoding="UTF-8"?>
<!-- Generated by org.testng.reporters.JUnitReportReporter -->
<testsuite hostname="ADMIN" failures="0" tests="1" name="com.Demo.Browser_Launching_Basedon_User_Input" time="44.459" errors="0" timestamp="2022-07-30T09:11:31 IST" skipped="0">
  <testcase classname="com.Demo.Browser_Launching_Basedon_User_Input" name="launching_Multiple_Browser" time="44.459"/>
  <system-out/>
</testsuite> <!-- com.Demo.Browser_Launching_Basedon_User_Input -->
