<?xml version="1.0" encoding="UTF-8"?>
<!-- Generated by org.testng.reporters.JUnitReportReporter -->
<testsuite hostname="ADMIN" failures="0" tests="1" name="com.Demo.FileDownloadInChromeBrowser" time="17.835" errors="0" timestamp="2022-08-03T11:22:51 IST" skipped="0">
  <testcase classname="com.Demo.FileDownloadInChromeBrowser" name="Filedownlod" time="17.835"/>
  <system-out/>
</testsuite> <!-- com.Demo.FileDownloadInChromeBrowser -->
