<?xml version="1.0" encoding="UTF-8"?>
<!-- Generated by org.testng.reporters.JUnitReportReporter -->
<testsuite hostname="ADMIN" failures="0" tests="1" name="com.Demo.FileDownloadTest" time="72.729" errors="0" timestamp="2022-08-03T11:10:14 IST" skipped="0">
  <testcase classname="com.Demo.FileDownloadTest" name="launch" time="72.729"/>
  <system-out/>
</testsuite> <!-- com.Demo.FileDownloadTest -->
