<?xml version="1.0" encoding="UTF-8"?>
<!-- Generated by org.testng.reporters.JUnitReportReporter -->
<testsuite hostname="ADMIN" failures="0" tests="1" name="com.Demo.Child_Browser_Popup" time="5.417" errors="0" timestamp="2022-08-07T17:09:21 IST" skipped="0">
  <testcase classname="com.Demo.Child_Browser_Popup" name="webTable_Example" time="5.417"/>
  <system-out/>
</testsuite> <!-- com.Demo.Child_Browser_Popup -->
