<?xml version="1.0" encoding="UTF-8"?>
<!-- Generated by org.testng.reporters.JUnitReportReporter -->
<testsuite hostname="ADMIN" failures="0" tests="1" name="com.Demo.popUps" time="25.821" errors="0" timestamp="2022-07-31T17:47:46 IST" skipped="0">
  <testcase classname="com.Demo.popUps" name="simpleAlertPopup" time="25.821"/>
  <system-out/>
</testsuite> <!-- com.Demo.popUps -->
