<?xml version="1.0" encoding="UTF-8"?>
<!-- Generated by org.testng.reporters.JUnitReportReporter -->
<testsuite hostname="ADMIN" failures="0" tests="1" name="com.Wait" time="37.423" errors="0" timestamp="2022-07-29T22:11:57 IST" skipped="0">
  <testcase classname="com.Wait" name="checkwait" time="37.423"/>
  <system-out/>
</testsuite> <!-- com.Wait -->
