<?xml version="1.0" encoding="UTF-8"?>
<!-- Generated by org.testng.reporters.JUnitReportReporter -->
<testsuite hostname="ADMIN" failures="0" tests="1" name="com.Demo.ListBox" time="4.125" errors="0" timestamp="2022-08-07T16:39:36 IST" skipped="0">
  <testcase classname="com.Demo.ListBox" name="PrinttheDUPLICATEItemInTheListHashSet" time="4.125"/>
  <system-out/>
</testsuite> <!-- com.Demo.ListBox -->
