<?xml version="1.0" encoding="UTF-8"?>
<!-- Generated by org.testng.reporters.JUnitReportReporter -->
<testsuite hostname="ADMIN" failures="0" tests="1" name="com.Demo.Wait" time="51.089" errors="0" timestamp="2022-07-29T22:43:58 IST" skipped="0">
  <testcase classname="com.Demo.Wait" name="checkwait" time="51.089"/>
  <system-out/>
</testsuite> <!-- com.Demo.Wait -->
