<?xml version="1.0" encoding="UTF-8"?>
<!-- Generated by org.testng.reporters.JUnitReportReporter -->
<testsuite hostname="ADMIN" failures="0" tests="1" name="com.Demo.Take_Screenshot" time="15.772" errors="0" timestamp="2022-07-25T11:21:40 IST" skipped="0">
  <testcase classname="com.Demo.Take_Screenshot" name="screenshot" time="15.772"/>
  <system-out/>
</testsuite> <!-- com.Demo.Take_Screenshot -->
