<?xml version="1.0" encoding="UTF-8"?>
<!-- Generated by org.testng.reporters.JUnitReportReporter -->
<testsuite hostname="ADMIN" failures="0" tests="1" name="com.Demo.VerifyhomepageUsingTitle" time="25.930" errors="0" timestamp="2022-07-25T08:09:08 IST" skipped="0">
  <testcase classname="com.Demo.VerifyhomepageUsingTitle" name="homepage" time="25.930"/>
  <system-out/>
</testsuite> <!-- com.Demo.VerifyhomepageUsingTitle -->
