<?xml version="1.0" encoding="UTF-8"?>
<!-- Generated by org.testng.reporters.JUnitReportReporter -->
<testsuite hostname="ADMIN" failures="0" tests="1" name="com.Demo.popup2" time="25.987" errors="0" timestamp="2022-07-31T17:46:27 IST" skipped="0">
  <testcase classname="com.Demo.popup2" name="simpleAlertPopup" time="25.987"/>
  <system-out/>
</testsuite> <!-- com.Demo.popup2 -->
