<?xml version="1.0" encoding="UTF-8"?>
<!-- Generated by org.testng.reporters.JUnitReportReporter -->
<testsuite hostname="ADMIN" failures="0" tests="1" name="com.Demo.Facebook_Login" time="66.301" errors="0" timestamp="2022-07-29T21:37:32 IST" skipped="0">
  <testcase classname="com.Demo.Facebook_Login" name="login" time="66.301"/>
  <system-out/>
</testsuite> <!-- com.Demo.Facebook_Login -->
